2021-09-21 18:08:39.651 | INFO     | main:task_handler:246 - 9c41983a-894b-47fb-8a5f-d72c96690069: Get vessel API
2021-09-21 18:13:26.104 | INFO     | main:task_handler:246 - b742db4f-c531-44a9-9780-aa7d448043bd: Get vessel API
2021-09-21 18:14:11.573 | INFO     | main:task_handler:246 - ac3f99a7-d1a1-4a84-a2c7-5c975dabacf5: Get vessel API
2021-09-21 18:17:24.198 | INFO     | main:task_handler:246 - 7bb7e0be-c7fa-4457-a771-5ffac0057ba1: Get vessel API
2021-09-21 18:17:30.292 | INFO     | main:get_vessel_details:83 - 7bb7e0be-c7fa-4457-a771-5ffac0057ba1: HTTP Exception - 
2021-09-21 18:17:30.293 | INFO     | main:get_vessel_details:84 - 7bb7e0be-c7fa-4457-a771-5ffac0057ba1: Get vessel FILE
2021-09-21 18:17:30.526 | INFO     | main:task_handler:264 - 7bb7e0be-c7fa-4457-a771-5ffac0057ba1: Add new loadable
2021-09-21 18:17:41.609 | INFO     | main:start_cpu_bound_task:132 - 7bb7e0be-c7fa-4457-a771-5ffac0057ba1: Loadable study completed
2021-09-21 18:17:41.609 | INFO     | main:start_cpu_bound_task:135 - 7bb7e0be-c7fa-4457-a771-5ffac0057ba1: Update status
2021-09-21 18:17:46.640 | INFO     | main:post_response:100 - 7bb7e0be-c7fa-4457-a771-5ffac0057ba1: HTTP Exception - 
2021-09-21 18:17:46.642 | INFO     | main:start_cpu_bound_task:178 - 7bb7e0be-c7fa-4457-a771-5ffac0057ba1: Upload result
2021-09-21 18:17:51.656 | INFO     | main:post_response:100 - 7bb7e0be-c7fa-4457-a771-5ffac0057ba1: HTTP Exception - 
2021-09-21 18:22:19.917 | INFO     | main:task_handler:246 - 2530fd62-5cdb-4a6e-990c-94a1448017dc: Get vessel API
2021-09-21 18:23:12.510 | INFO     | main:task_handler:246 - 056b1183-1dc9-42bc-a4a7-24a5aba08c88: Get vessel API
2021-09-21 18:25:30.828 | INFO     | main:task_handler:246 - 168a38e8-eea3-4104-ac95-b24b13c11314: Get vessel API
2021-09-21 18:26:55.933 | INFO     | main:task_handler:246 - 6c88c112-629c-4c86-af2d-25e3112b5328: Get vessel API
2021-09-21 18:31:55.542 | INFO     | main:task_handler:246 - afcc356c-cc0a-4031-9561-499635104c45: Get vessel API
2021-09-21 18:35:06.823 | INFO     | main:task_handler:246 - f0ad2186-07c0-4905-ad46-426bf0c60668: Get vessel API
2021-09-21 18:38:56.385 | INFO     | main:task_handler:246 - db4b1b55-75bb-42b1-b7f3-25b9ce073299: Get vessel API
2021-09-27 16:29:00.729 | INFO     | main:task_handler:246 - 577c9301-1ba1-4f3e-9dd6-763e72f34c58: Get vessel API
2021-09-27 16:29:06.885 | INFO     | main:get_vessel_details:83 - 577c9301-1ba1-4f3e-9dd6-763e72f34c58: HTTP Exception - 
2021-09-27 16:29:06.886 | INFO     | main:get_vessel_details:84 - 577c9301-1ba1-4f3e-9dd6-763e72f34c58: Get vessel FILE
2021-09-27 16:29:07.057 | INFO     | main:task_handler:264 - 577c9301-1ba1-4f3e-9dd6-763e72f34c58: Add new loadable
2021-09-27 16:29:17.213 | INFO     | main:start_cpu_bound_task:132 - 577c9301-1ba1-4f3e-9dd6-763e72f34c58: Loadable study completed
2021-09-27 16:29:17.213 | INFO     | main:start_cpu_bound_task:135 - 577c9301-1ba1-4f3e-9dd6-763e72f34c58: Update status
2021-09-27 16:29:22.229 | INFO     | main:post_response:100 - 577c9301-1ba1-4f3e-9dd6-763e72f34c58: HTTP Exception - 
2021-09-27 16:29:22.229 | INFO     | main:start_cpu_bound_task:178 - 577c9301-1ba1-4f3e-9dd6-763e72f34c58: Upload result
2021-09-27 16:29:27.229 | INFO     | main:post_response:100 - 577c9301-1ba1-4f3e-9dd6-763e72f34c58: HTTP Exception - 
2021-09-27 16:31:45.604 | INFO     | main:task_handler:246 - c200b342-62a5-4eff-9b2d-0adee8cf388b: Get vessel API
2021-09-27 16:31:50.667 | INFO     | main:get_vessel_details:83 - c200b342-62a5-4eff-9b2d-0adee8cf388b: HTTP Exception - 
2021-09-27 16:31:50.667 | INFO     | main:get_vessel_details:84 - c200b342-62a5-4eff-9b2d-0adee8cf388b: Get vessel FILE
2021-09-27 16:31:50.838 | INFO     | main:task_handler:264 - c200b342-62a5-4eff-9b2d-0adee8cf388b: Add new loadable
2021-09-27 16:31:59.776 | INFO     | main:start_cpu_bound_task:132 - c200b342-62a5-4eff-9b2d-0adee8cf388b: Loadable study completed
2021-09-27 16:31:59.776 | INFO     | main:start_cpu_bound_task:135 - c200b342-62a5-4eff-9b2d-0adee8cf388b: Update status
2021-09-27 16:32:04.807 | INFO     | main:post_response:100 - c200b342-62a5-4eff-9b2d-0adee8cf388b: HTTP Exception - 
2021-09-27 16:32:04.807 | INFO     | main:start_cpu_bound_task:178 - c200b342-62a5-4eff-9b2d-0adee8cf388b: Upload result
2021-09-27 16:32:09.792 | INFO     | main:post_response:100 - c200b342-62a5-4eff-9b2d-0adee8cf388b: HTTP Exception - 
2021-09-27 16:32:53.838 | INFO     | main:task_handler:246 - d4cfe952-b303-425c-b9c9-070fe55d9955: Get vessel API
2021-09-27 16:32:58.229 | INFO     | main:task_handler:266 - d4cfe952-b303-425c-b9c9-070fe55d9955: Add new loading
2021-09-27 16:33:05.010 | INFO     | main:start_cpu_bound_task:151 - d4cfe952-b303-425c-b9c9-070fe55d9955: Loading sequence completed
2021-09-27 16:33:10.010 | INFO     | main:post_response:100 - d4cfe952-b303-425c-b9c9-070fe55d9955: HTTP Exception - 
2021-09-27 16:33:10.010 | INFO     | main:start_cpu_bound_task:178 - d4cfe952-b303-425c-b9c9-070fe55d9955: Upload result
2021-09-27 16:33:15.042 | INFO     | main:post_response:100 - d4cfe952-b303-425c-b9c9-070fe55d9955: HTTP Exception - 
2021-09-27 20:39:03.356 | INFO     | main:task_handler:246 - ebe6abce-803d-4b9b-b4c9-38d7a2f800ee: Get vessel API
2021-09-27 20:39:07.885 | INFO     | main:task_handler:264 - ebe6abce-803d-4b9b-b4c9-38d7a2f800ee: Add new loadable
2021-09-27 20:39:16.276 | INFO     | main:start_cpu_bound_task:132 - ebe6abce-803d-4b9b-b4c9-38d7a2f800ee: Loadable study completed
2021-09-27 20:39:16.276 | INFO     | main:start_cpu_bound_task:135 - ebe6abce-803d-4b9b-b4c9-38d7a2f800ee: Update status
2021-09-27 20:39:21.307 | INFO     | main:post_response:100 - ebe6abce-803d-4b9b-b4c9-38d7a2f800ee: HTTP Exception - 
2021-09-27 20:39:21.307 | INFO     | main:start_cpu_bound_task:178 - ebe6abce-803d-4b9b-b4c9-38d7a2f800ee: Upload result
2021-09-27 20:39:26.338 | INFO     | main:post_response:100 - ebe6abce-803d-4b9b-b4c9-38d7a2f800ee: HTTP Exception - 
2021-09-28 11:33:01.213 | INFO     | main:task_handler:246 - bc8f197b-859b-40fb-ba18-591065d9adbb: Get vessel API
2021-09-28 11:33:06.292 | INFO     | main:get_vessel_details:83 - bc8f197b-859b-40fb-ba18-591065d9adbb: HTTP Exception - 
2021-09-28 11:33:06.292 | INFO     | main:get_vessel_details:84 - bc8f197b-859b-40fb-ba18-591065d9adbb: Get vessel FILE
2021-09-28 11:33:06.479 | INFO     | main:task_handler:264 - bc8f197b-859b-40fb-ba18-591065d9adbb: Add new loadable
2021-09-28 11:33:14.792 | INFO     | main:start_cpu_bound_task:132 - bc8f197b-859b-40fb-ba18-591065d9adbb: Loadable study completed
2021-09-28 11:33:14.792 | INFO     | main:start_cpu_bound_task:135 - bc8f197b-859b-40fb-ba18-591065d9adbb: Update status
2021-09-28 11:33:19.807 | INFO     | main:post_response:100 - bc8f197b-859b-40fb-ba18-591065d9adbb: HTTP Exception - 
2021-09-28 11:33:19.807 | INFO     | main:start_cpu_bound_task:178 - bc8f197b-859b-40fb-ba18-591065d9adbb: Upload result
2021-09-28 11:33:24.836 | INFO     | main:post_response:100 - bc8f197b-859b-40fb-ba18-591065d9adbb: HTTP Exception - 
2021-09-28 11:38:12.448 | INFO     | main:task_handler:246 - dff56155-c5cb-4ef0-8bc5-b96328082a22: Get vessel API
2021-09-28 11:38:16.073 | INFO     | main:task_handler:264 - dff56155-c5cb-4ef0-8bc5-b96328082a22: Add new loadable
2021-09-28 11:38:23.386 | INFO     | main:start_cpu_bound_task:132 - dff56155-c5cb-4ef0-8bc5-b96328082a22: Loadable study completed
2021-09-28 11:38:23.386 | INFO     | main:start_cpu_bound_task:135 - dff56155-c5cb-4ef0-8bc5-b96328082a22: Update status
2021-09-28 11:38:28.385 | INFO     | main:post_response:100 - dff56155-c5cb-4ef0-8bc5-b96328082a22: HTTP Exception - 
2021-09-28 11:38:28.385 | INFO     | main:start_cpu_bound_task:178 - dff56155-c5cb-4ef0-8bc5-b96328082a22: Upload result
2021-09-28 11:38:33.387 | INFO     | main:post_response:100 - dff56155-c5cb-4ef0-8bc5-b96328082a22: HTTP Exception - 
2021-09-28 12:00:56.651 | INFO     | main:task_handler:246 - 4b7937b2-a3c6-4b2c-9a0e-43e260edc836: Get vessel API
2021-09-28 12:01:01.182 | INFO     | main:task_handler:266 - 4b7937b2-a3c6-4b2c-9a0e-43e260edc836: Add new loading
2021-09-28 12:02:07.932 | INFO     | main:start_cpu_bound_task:151 - 4b7937b2-a3c6-4b2c-9a0e-43e260edc836: Loading sequence completed
2021-09-28 12:02:12.963 | INFO     | main:post_response:100 - 4b7937b2-a3c6-4b2c-9a0e-43e260edc836: HTTP Exception - 
2021-09-28 12:02:12.963 | INFO     | main:start_cpu_bound_task:178 - 4b7937b2-a3c6-4b2c-9a0e-43e260edc836: Upload result
2021-09-28 12:02:17.979 | INFO     | main:post_response:100 - 4b7937b2-a3c6-4b2c-9a0e-43e260edc836: HTTP Exception - 
2021-09-28 12:20:02.510 | INFO     | main:task_handler:246 - 2fee0c2e-bf03-4e8d-b065-1aa21cd5d1b7: Get vessel API
2021-09-28 12:20:05.588 | INFO     | main:task_handler:266 - 2fee0c2e-bf03-4e8d-b065-1aa21cd5d1b7: Add new loading
2021-09-28 12:21:12.276 | INFO     | main:start_cpu_bound_task:151 - 2fee0c2e-bf03-4e8d-b065-1aa21cd5d1b7: Loading sequence completed
2021-09-28 12:21:17.296 | INFO     | main:post_response:100 - 2fee0c2e-bf03-4e8d-b065-1aa21cd5d1b7: HTTP Exception - 
2021-09-28 12:21:17.299 | INFO     | main:start_cpu_bound_task:178 - 2fee0c2e-bf03-4e8d-b065-1aa21cd5d1b7: Upload result
2021-09-28 12:21:22.307 | INFO     | main:post_response:100 - 2fee0c2e-bf03-4e8d-b065-1aa21cd5d1b7: HTTP Exception - 
