2021-09-29 10:14:28.620 | INFO     | main:task_handler:246 - 74bc20b0-89c2-46fa-b5e9-55b49e41ff2c: Get vessel API
2021-09-29 10:14:34.932 | INFO     | main:get_vessel_details:83 - 74bc20b0-89c2-46fa-b5e9-55b49e41ff2c: HTTP Exception - 
2021-09-29 10:14:34.932 | INFO     | main:get_vessel_details:84 - 74bc20b0-89c2-46fa-b5e9-55b49e41ff2c: Get vessel FILE
2021-09-29 10:14:35.120 | INFO     | main:task_handler:266 - 74bc20b0-89c2-46fa-b5e9-55b49e41ff2c: Add new loading
2021-09-29 10:14:42.792 | INFO     | main:start_cpu_bound_task:151 - 74bc20b0-89c2-46fa-b5e9-55b49e41ff2c: Loading sequence completed
2021-09-29 10:14:47.791 | INFO     | main:post_response:100 - 74bc20b0-89c2-46fa-b5e9-55b49e41ff2c: HTTP Exception - 
2021-09-29 10:14:47.791 | INFO     | main:start_cpu_bound_task:178 - 74bc20b0-89c2-46fa-b5e9-55b49e41ff2c: Upload result
2021-09-29 10:14:52.807 | INFO     | main:post_response:100 - 74bc20b0-89c2-46fa-b5e9-55b49e41ff2c: HTTP Exception - 
2021-09-29 10:15:47.885 | INFO     | main:task_handler:246 - 0bd32423-a17a-4fbc-8976-707c4fcb86ee: Get vessel API
2021-09-29 10:15:51.932 | INFO     | main:task_handler:266 - 0bd32423-a17a-4fbc-8976-707c4fcb86ee: Add new loading
2021-09-29 10:15:59.042 | INFO     | main:start_cpu_bound_task:151 - 0bd32423-a17a-4fbc-8976-707c4fcb86ee: Loading sequence completed
2021-09-29 10:16:04.057 | INFO     | main:post_response:100 - 0bd32423-a17a-4fbc-8976-707c4fcb86ee: HTTP Exception - 
2021-09-29 10:16:04.057 | INFO     | main:start_cpu_bound_task:178 - 0bd32423-a17a-4fbc-8976-707c4fcb86ee: Upload result
2021-09-29 10:16:09.057 | INFO     | main:post_response:100 - 0bd32423-a17a-4fbc-8976-707c4fcb86ee: HTTP Exception - 
2021-09-30 13:42:55.651 | INFO     | main:task_handler:246 - 7d2870cb-9679-44a3-80c2-1e7662be79a0: Get vessel API
2021-09-30 13:43:01.817 | INFO     | main:get_vessel_details:83 - 7d2870cb-9679-44a3-80c2-1e7662be79a0: HTTP Exception - 
2021-09-30 13:43:01.817 | INFO     | main:get_vessel_details:84 - 7d2870cb-9679-44a3-80c2-1e7662be79a0: Get vessel FILE
2021-09-30 13:43:01.995 | INFO     | main:task_handler:264 - 7d2870cb-9679-44a3-80c2-1e7662be79a0: Add new loadable
2021-09-30 13:45:14.643 | INFO     | main:start_cpu_bound_task:132 - 7d2870cb-9679-44a3-80c2-1e7662be79a0: Loadable study completed
2021-09-30 13:45:14.645 | INFO     | main:start_cpu_bound_task:135 - 7d2870cb-9679-44a3-80c2-1e7662be79a0: Update status
2021-09-30 13:45:19.682 | INFO     | main:post_response:100 - 7d2870cb-9679-44a3-80c2-1e7662be79a0: HTTP Exception - 
2021-09-30 13:45:19.682 | INFO     | main:start_cpu_bound_task:178 - 7d2870cb-9679-44a3-80c2-1e7662be79a0: Upload result
2021-09-30 13:45:24.713 | INFO     | main:post_response:100 - 7d2870cb-9679-44a3-80c2-1e7662be79a0: HTTP Exception - 
2021-09-30 13:50:26.745 | INFO     | main:task_handler:246 - cba8fbe5-1ff3-4020-8b6f-9ed10af29c6c: Get vessel API
2021-09-30 13:50:31.088 | INFO     | main:task_handler:264 - cba8fbe5-1ff3-4020-8b6f-9ed10af29c6c: Add new loadable
2021-09-30 13:52:42.487 | INFO     | main:start_cpu_bound_task:132 - cba8fbe5-1ff3-4020-8b6f-9ed10af29c6c: Loadable study completed
2021-09-30 13:52:42.502 | INFO     | main:start_cpu_bound_task:135 - cba8fbe5-1ff3-4020-8b6f-9ed10af29c6c: Update status
2021-09-30 13:52:47.488 | INFO     | main:post_response:100 - cba8fbe5-1ff3-4020-8b6f-9ed10af29c6c: HTTP Exception - 
2021-09-30 13:52:47.488 | INFO     | main:start_cpu_bound_task:178 - cba8fbe5-1ff3-4020-8b6f-9ed10af29c6c: Upload result
2021-09-30 13:52:52.519 | INFO     | main:post_response:100 - cba8fbe5-1ff3-4020-8b6f-9ed10af29c6c: HTTP Exception - 
2021-09-30 15:12:19.026 | INFO     | main:task_handler:246 - 702e3649-ffa2-4e94-b708-087abd6ca66f: Get vessel API
2021-09-30 15:12:24.057 | INFO     | main:get_vessel_details:83 - 702e3649-ffa2-4e94-b708-087abd6ca66f: HTTP Exception - 
2021-09-30 15:12:24.057 | INFO     | main:get_vessel_details:84 - 702e3649-ffa2-4e94-b708-087abd6ca66f: Get vessel FILE
2021-09-30 15:12:24.237 | INFO     | main:task_handler:266 - 702e3649-ffa2-4e94-b708-087abd6ca66f: Add new loading
2021-09-30 18:50:20.510 | INFO     | main:task_handler:246 - 4d10586a-350c-4c85-afe0-f815655323ca: Get vessel API
2021-09-30 18:50:26.651 | INFO     | main:get_vessel_details:83 - 4d10586a-350c-4c85-afe0-f815655323ca: HTTP Exception - 
2021-09-30 18:50:26.651 | INFO     | main:get_vessel_details:84 - 4d10586a-350c-4c85-afe0-f815655323ca: Get vessel FILE
2021-09-30 18:50:26.760 | INFO     | main:task_handler:266 - 4d10586a-350c-4c85-afe0-f815655323ca: Add new loading
2021-09-30 18:51:35.635 | INFO     | main:start_cpu_bound_task:151 - 4d10586a-350c-4c85-afe0-f815655323ca: Loading sequence completed
2021-09-30 18:51:40.682 | INFO     | main:post_response:100 - 4d10586a-350c-4c85-afe0-f815655323ca: HTTP Exception - 
2021-09-30 18:51:40.682 | INFO     | main:start_cpu_bound_task:178 - 4d10586a-350c-4c85-afe0-f815655323ca: Upload result
2021-09-30 18:51:45.682 | INFO     | main:post_response:100 - 4d10586a-350c-4c85-afe0-f815655323ca: HTTP Exception - 
2021-09-30 18:52:32.120 | INFO     | main:task_handler:246 - 527c3f9e-a90d-4aaf-8417-9db19a4a8a01: Get vessel API
2021-09-30 18:52:35.698 | INFO     | main:task_handler:266 - 527c3f9e-a90d-4aaf-8417-9db19a4a8a01: Add new loading
2021-09-30 18:52:51.292 | INFO     | main:start_cpu_bound_task:151 - 527c3f9e-a90d-4aaf-8417-9db19a4a8a01: Loading sequence completed
2021-09-30 18:52:56.292 | INFO     | main:post_response:100 - 527c3f9e-a90d-4aaf-8417-9db19a4a8a01: HTTP Exception - 
2021-09-30 18:52:56.292 | INFO     | main:start_cpu_bound_task:178 - 527c3f9e-a90d-4aaf-8417-9db19a4a8a01: Upload result
2021-09-30 18:53:01.315 | INFO     | main:post_response:100 - 527c3f9e-a90d-4aaf-8417-9db19a4a8a01: HTTP Exception - 
2021-09-30 18:54:14.588 | INFO     | main:task_handler:246 - 86c5688e-5931-4ba9-b6ba-4e7ee8e80278: Get vessel API
2021-09-30 19:57:26.464 | INFO     | main:task_handler:246 - 9147e0bb-f54d-40c7-8549-d494ff6f910a: Get vessel API
2021-09-30 19:57:31.542 | INFO     | main:get_vessel_details:83 - 9147e0bb-f54d-40c7-8549-d494ff6f910a: HTTP Exception - 
2021-09-30 19:57:31.542 | INFO     | main:get_vessel_details:84 - 9147e0bb-f54d-40c7-8549-d494ff6f910a: Get vessel FILE
2021-09-30 19:57:31.760 | INFO     | main:task_handler:266 - 9147e0bb-f54d-40c7-8549-d494ff6f910a: Add new loading
2021-09-30 19:58:57.667 | INFO     | main:task_handler:246 - 818bfbbd-1c0f-4dbc-9be0-b7e8d2eb0278: Get vessel API
2021-09-30 20:00:27.917 | INFO     | main:task_handler:246 - dc697dc5-f320-43fc-828e-ca4ac0c2a53b: Get vessel API
2021-09-30 20:01:45.651 | INFO     | main:task_handler:246 - aa902a43-8647-4df0-b23f-480f4ddddd35: Get vessel API
2021-09-30 20:01:46.745 | INFO     | main:get_vessel_details:83 - aa902a43-8647-4df0-b23f-480f4ddddd35: HTTP Exception - [Errno 11001] getaddrinfo failed
2021-09-30 20:01:46.745 | INFO     | main:get_vessel_details:84 - aa902a43-8647-4df0-b23f-480f4ddddd35: Get vessel FILE
2021-09-30 20:01:46.917 | INFO     | main:task_handler:266 - aa902a43-8647-4df0-b23f-480f4ddddd35: Add new loading
2021-09-30 20:04:15.120 | INFO     | main:task_handler:246 - 36a6cdbe-8fcb-4e2e-ad9c-3fff05601799: Get vessel API
2021-09-30 20:04:16.229 | INFO     | main:get_vessel_details:83 - 36a6cdbe-8fcb-4e2e-ad9c-3fff05601799: HTTP Exception - [Errno 11001] getaddrinfo failed
2021-09-30 20:04:16.229 | INFO     | main:get_vessel_details:84 - 36a6cdbe-8fcb-4e2e-ad9c-3fff05601799: Get vessel FILE
2021-09-30 20:04:16.401 | INFO     | main:task_handler:266 - 36a6cdbe-8fcb-4e2e-ad9c-3fff05601799: Add new loading
2021-09-30 20:08:30.479 | INFO     | main:task_handler:246 - 4bada2a6-9421-4ef8-81cf-f77e57180e2d: Get vessel API
2021-09-30 20:08:31.588 | INFO     | main:get_vessel_details:83 - 4bada2a6-9421-4ef8-81cf-f77e57180e2d: HTTP Exception - [Errno 11001] getaddrinfo failed
2021-09-30 20:08:31.604 | INFO     | main:get_vessel_details:84 - 4bada2a6-9421-4ef8-81cf-f77e57180e2d: Get vessel FILE
2021-09-30 20:08:31.776 | INFO     | main:task_handler:266 - 4bada2a6-9421-4ef8-81cf-f77e57180e2d: Add new loading
2021-09-30 20:08:41.089 | INFO     | main:start_cpu_bound_task:151 - 4bada2a6-9421-4ef8-81cf-f77e57180e2d: Loading sequence completed
2021-09-30 20:08:46.120 | INFO     | main:post_response:100 - 4bada2a6-9421-4ef8-81cf-f77e57180e2d: HTTP Exception - 
2021-09-30 20:08:46.120 | INFO     | main:start_cpu_bound_task:178 - 4bada2a6-9421-4ef8-81cf-f77e57180e2d: Upload result
2021-09-30 20:08:51.135 | INFO     | main:post_response:100 - 4bada2a6-9421-4ef8-81cf-f77e57180e2d: HTTP Exception - 
2021-09-30 20:09:00.854 | INFO     | main:task_handler:246 - cbd3ef84-b124-4ce4-91ff-e02fca5c6545: Get vessel API
2021-09-30 20:09:00.870 | INFO     | main:get_vessel_details:83 - cbd3ef84-b124-4ce4-91ff-e02fca5c6545: HTTP Exception - [Errno 11001] getaddrinfo failed
2021-09-30 20:09:00.870 | INFO     | main:get_vessel_details:84 - cbd3ef84-b124-4ce4-91ff-e02fca5c6545: Get vessel FILE
2021-09-30 20:09:00.995 | INFO     | main:task_handler:266 - cbd3ef84-b124-4ce4-91ff-e02fca5c6545: Add new loading
2021-09-30 20:09:12.120 | INFO     | main:start_cpu_bound_task:151 - cbd3ef84-b124-4ce4-91ff-e02fca5c6545: Loading sequence completed
2021-09-30 20:09:17.136 | INFO     | main:post_response:100 - cbd3ef84-b124-4ce4-91ff-e02fca5c6545: HTTP Exception - 
2021-09-30 20:09:17.136 | INFO     | main:start_cpu_bound_task:178 - cbd3ef84-b124-4ce4-91ff-e02fca5c6545: Upload result
2021-09-30 20:09:22.151 | INFO     | main:post_response:100 - cbd3ef84-b124-4ce4-91ff-e02fca5c6545: HTTP Exception - 
2021-09-30 20:09:28.838 | INFO     | main:task_handler:246 - da8a51fa-53b9-43b4-9e7f-61ff16a3e2cb: Get vessel API
2021-09-30 20:09:28.854 | INFO     | main:get_vessel_details:83 - da8a51fa-53b9-43b4-9e7f-61ff16a3e2cb: HTTP Exception - [Errno 11001] getaddrinfo failed
2021-09-30 20:09:28.854 | INFO     | main:get_vessel_details:84 - da8a51fa-53b9-43b4-9e7f-61ff16a3e2cb: Get vessel FILE
2021-09-30 20:09:28.976 | INFO     | main:task_handler:266 - da8a51fa-53b9-43b4-9e7f-61ff16a3e2cb: Add new loading
2021-09-30 20:09:39.885 | INFO     | main:start_cpu_bound_task:151 - da8a51fa-53b9-43b4-9e7f-61ff16a3e2cb: Loading sequence completed
2021-09-30 20:09:44.901 | INFO     | main:post_response:100 - da8a51fa-53b9-43b4-9e7f-61ff16a3e2cb: HTTP Exception - 
2021-09-30 20:09:44.901 | INFO     | main:start_cpu_bound_task:178 - da8a51fa-53b9-43b4-9e7f-61ff16a3e2cb: Upload result
2021-09-30 20:09:49.917 | INFO     | main:post_response:100 - da8a51fa-53b9-43b4-9e7f-61ff16a3e2cb: HTTP Exception - 
2021-09-30 20:09:59.214 | INFO     | main:task_handler:246 - 054bc555-a5a5-4d5e-ac64-bbcbc83b407b: Get vessel API
2021-09-30 20:09:59.229 | INFO     | main:get_vessel_details:83 - 054bc555-a5a5-4d5e-ac64-bbcbc83b407b: HTTP Exception - [Errno 11001] getaddrinfo failed
2021-09-30 20:09:59.229 | INFO     | main:get_vessel_details:84 - 054bc555-a5a5-4d5e-ac64-bbcbc83b407b: Get vessel FILE
2021-09-30 20:09:59.354 | INFO     | main:task_handler:266 - 054bc555-a5a5-4d5e-ac64-bbcbc83b407b: Add new loading
2021-09-30 20:10:05.792 | INFO     | main:start_cpu_bound_task:151 - 054bc555-a5a5-4d5e-ac64-bbcbc83b407b: Loading sequence completed
2021-09-30 20:10:10.807 | INFO     | main:post_response:100 - 054bc555-a5a5-4d5e-ac64-bbcbc83b407b: HTTP Exception - 
2021-09-30 20:10:10.807 | INFO     | main:start_cpu_bound_task:178 - 054bc555-a5a5-4d5e-ac64-bbcbc83b407b: Upload result
2021-09-30 20:10:15.792 | INFO     | main:post_response:100 - 054bc555-a5a5-4d5e-ac64-bbcbc83b407b: HTTP Exception - 
2021-09-30 20:10:23.260 | INFO     | main:task_handler:246 - 2cd42221-ecf0-4e38-a6f2-ca41bb4111fe: Get vessel API
2021-09-30 20:10:23.292 | INFO     | main:get_vessel_details:83 - 2cd42221-ecf0-4e38-a6f2-ca41bb4111fe: HTTP Exception - [Errno 11001] getaddrinfo failed
2021-09-30 20:10:23.292 | INFO     | main:get_vessel_details:84 - 2cd42221-ecf0-4e38-a6f2-ca41bb4111fe: Get vessel FILE
2021-09-30 20:10:23.401 | INFO     | main:task_handler:266 - 2cd42221-ecf0-4e38-a6f2-ca41bb4111fe: Add new loading
2021-09-30 20:10:28.620 | INFO     | main:start_cpu_bound_task:151 - 2cd42221-ecf0-4e38-a6f2-ca41bb4111fe: Loading sequence completed
2021-09-30 20:10:33.635 | INFO     | main:post_response:100 - 2cd42221-ecf0-4e38-a6f2-ca41bb4111fe: HTTP Exception - 
2021-09-30 20:10:33.635 | INFO     | main:start_cpu_bound_task:178 - 2cd42221-ecf0-4e38-a6f2-ca41bb4111fe: Upload result
2021-09-30 20:10:38.651 | INFO     | main:post_response:100 - 2cd42221-ecf0-4e38-a6f2-ca41bb4111fe: HTTP Exception - 
2021-09-30 20:11:09.151 | INFO     | main:task_handler:246 - 20312921-caa5-4bfc-a09f-079ccae8da8e: Get vessel API
2021-09-30 20:11:09.182 | INFO     | main:get_vessel_details:83 - 20312921-caa5-4bfc-a09f-079ccae8da8e: HTTP Exception - [Errno 11001] getaddrinfo failed
2021-09-30 20:11:09.182 | INFO     | main:get_vessel_details:84 - 20312921-caa5-4bfc-a09f-079ccae8da8e: Get vessel FILE
2021-09-30 20:11:09.323 | INFO     | main:task_handler:266 - 20312921-caa5-4bfc-a09f-079ccae8da8e: Add new loading
2021-09-30 20:11:14.620 | INFO     | main:start_cpu_bound_task:151 - 20312921-caa5-4bfc-a09f-079ccae8da8e: Loading sequence completed
2021-09-30 20:11:19.620 | INFO     | main:post_response:100 - 20312921-caa5-4bfc-a09f-079ccae8da8e: HTTP Exception - 
2021-09-30 20:11:19.620 | INFO     | main:start_cpu_bound_task:178 - 20312921-caa5-4bfc-a09f-079ccae8da8e: Upload result
2021-09-30 20:11:24.620 | INFO     | main:post_response:100 - 20312921-caa5-4bfc-a09f-079ccae8da8e: HTTP Exception - 
2021-09-30 20:11:42.792 | INFO     | main:task_handler:246 - 3867049f-e88b-4ec4-ab0b-34d3422cbe5b: Get vessel API
2021-09-30 20:11:42.807 | INFO     | main:get_vessel_details:83 - 3867049f-e88b-4ec4-ab0b-34d3422cbe5b: HTTP Exception - [Errno 11001] getaddrinfo failed
2021-09-30 20:11:42.823 | INFO     | main:get_vessel_details:84 - 3867049f-e88b-4ec4-ab0b-34d3422cbe5b: Get vessel FILE
2021-09-30 20:11:42.948 | INFO     | main:task_handler:266 - 3867049f-e88b-4ec4-ab0b-34d3422cbe5b: Add new loading
2021-09-30 20:11:52.854 | INFO     | main:start_cpu_bound_task:151 - 3867049f-e88b-4ec4-ab0b-34d3422cbe5b: Loading sequence completed
2021-09-30 20:11:57.885 | INFO     | main:post_response:100 - 3867049f-e88b-4ec4-ab0b-34d3422cbe5b: HTTP Exception - 
2021-09-30 20:11:57.885 | INFO     | main:start_cpu_bound_task:178 - 3867049f-e88b-4ec4-ab0b-34d3422cbe5b: Upload result
2021-09-30 20:12:02.901 | INFO     | main:post_response:100 - 3867049f-e88b-4ec4-ab0b-34d3422cbe5b: HTTP Exception - 
2021-09-30 20:40:47.651 | INFO     | main:task_handler:246 - e9ad6c45-db70-4bb1-a707-68194965d5ce: Get vessel API
2021-09-30 20:40:47.682 | INFO     | main:get_vessel_details:83 - e9ad6c45-db70-4bb1-a707-68194965d5ce: HTTP Exception - [Errno 11001] getaddrinfo failed
2021-09-30 20:40:47.682 | INFO     | main:get_vessel_details:84 - e9ad6c45-db70-4bb1-a707-68194965d5ce: Get vessel FILE
2021-09-30 20:40:47.848 | INFO     | main:task_handler:266 - e9ad6c45-db70-4bb1-a707-68194965d5ce: Add new loading
2021-09-30 20:41:04.776 | INFO     | main:start_cpu_bound_task:151 - e9ad6c45-db70-4bb1-a707-68194965d5ce: Loading sequence completed
2021-09-30 20:41:09.807 | INFO     | main:post_response:100 - e9ad6c45-db70-4bb1-a707-68194965d5ce: HTTP Exception - 
2021-09-30 20:41:09.807 | INFO     | main:start_cpu_bound_task:178 - e9ad6c45-db70-4bb1-a707-68194965d5ce: Upload result
2021-09-30 20:41:14.827 | INFO     | main:post_response:100 - e9ad6c45-db70-4bb1-a707-68194965d5ce: HTTP Exception - 
2021-09-30 20:41:20.604 | INFO     | main:task_handler:246 - 6aedd012-6dbd-4880-bd74-f902070028bf: Get vessel API
2021-09-30 20:41:20.620 | INFO     | main:get_vessel_details:83 - 6aedd012-6dbd-4880-bd74-f902070028bf: HTTP Exception - [Errno 11001] getaddrinfo failed
2021-09-30 20:41:20.620 | INFO     | main:get_vessel_details:84 - 6aedd012-6dbd-4880-bd74-f902070028bf: Get vessel FILE
2021-09-30 20:41:20.760 | INFO     | main:task_handler:264 - 6aedd012-6dbd-4880-bd74-f902070028bf: Add new loadable
2021-09-30 20:42:27.338 | INFO     | main:start_cpu_bound_task:132 - 6aedd012-6dbd-4880-bd74-f902070028bf: Loadable study completed
2021-09-30 20:42:27.338 | INFO     | main:start_cpu_bound_task:135 - 6aedd012-6dbd-4880-bd74-f902070028bf: Update status
2021-09-30 20:42:32.354 | INFO     | main:post_response:100 - 6aedd012-6dbd-4880-bd74-f902070028bf: HTTP Exception - 
2021-09-30 20:42:32.354 | INFO     | main:start_cpu_bound_task:178 - 6aedd012-6dbd-4880-bd74-f902070028bf: Upload result
2021-09-30 20:42:37.385 | INFO     | main:post_response:100 - 6aedd012-6dbd-4880-bd74-f902070028bf: HTTP Exception - 
2021-09-30 20:44:49.776 | INFO     | main:task_handler:246 - 0b57e457-fa6d-4aae-88db-8853089babfa: Get vessel API
2021-09-30 20:44:50.885 | INFO     | main:get_vessel_details:83 - 0b57e457-fa6d-4aae-88db-8853089babfa: HTTP Exception - [Errno 11001] getaddrinfo failed
2021-09-30 20:44:50.885 | INFO     | main:get_vessel_details:84 - 0b57e457-fa6d-4aae-88db-8853089babfa: Get vessel FILE
2021-09-30 20:44:51.026 | INFO     | main:task_handler:264 - 0b57e457-fa6d-4aae-88db-8853089babfa: Add new loadable
2021-09-30 20:49:04.152 | INFO     | main:start_cpu_bound_task:132 - 0b57e457-fa6d-4aae-88db-8853089babfa: Loadable study completed
2021-09-30 20:49:04.152 | INFO     | main:start_cpu_bound_task:135 - 0b57e457-fa6d-4aae-88db-8853089babfa: Update status
2021-09-30 20:49:09.184 | INFO     | main:post_response:100 - 0b57e457-fa6d-4aae-88db-8853089babfa: HTTP Exception - 
2021-09-30 20:49:09.184 | INFO     | main:start_cpu_bound_task:178 - 0b57e457-fa6d-4aae-88db-8853089babfa: Upload result
2021-09-30 20:49:14.204 | INFO     | main:post_response:100 - 0b57e457-fa6d-4aae-88db-8853089babfa: HTTP Exception - 
2021-10-01 14:16:55.729 | INFO     | main:task_handler:246 - 6ae5eefa-754d-4e9d-a39c-bd70fbaf5376: Get vessel API
2021-10-01 14:16:56.838 | INFO     | main:get_vessel_details:83 - 6ae5eefa-754d-4e9d-a39c-bd70fbaf5376: HTTP Exception - [Errno 11001] getaddrinfo failed
2021-10-01 14:16:56.854 | INFO     | main:get_vessel_details:84 - 6ae5eefa-754d-4e9d-a39c-bd70fbaf5376: Get vessel FILE
2021-10-01 14:16:56.979 | INFO     | main:task_handler:264 - 6ae5eefa-754d-4e9d-a39c-bd70fbaf5376: Add new loadable
2021-10-01 14:18:08.489 | INFO     | main:start_cpu_bound_task:132 - 6ae5eefa-754d-4e9d-a39c-bd70fbaf5376: Loadable study completed
2021-10-01 14:18:08.489 | INFO     | main:start_cpu_bound_task:135 - 6ae5eefa-754d-4e9d-a39c-bd70fbaf5376: Update status
2021-10-01 14:18:13.496 | INFO     | main:post_response:100 - 6ae5eefa-754d-4e9d-a39c-bd70fbaf5376: HTTP Exception - 
2021-10-01 14:18:13.496 | INFO     | main:start_cpu_bound_task:178 - 6ae5eefa-754d-4e9d-a39c-bd70fbaf5376: Upload result
2021-10-01 14:18:18.507 | INFO     | main:post_response:100 - 6ae5eefa-754d-4e9d-a39c-bd70fbaf5376: HTTP Exception - 
2021-10-05 20:34:29.833 | INFO     | main:task_handler:246 - f7f9344f-6f03-47bf-82a0-0532baedbbd6: Get vessel API
2021-10-05 20:34:30.962 | INFO     | main:get_vessel_details:83 - f7f9344f-6f03-47bf-82a0-0532baedbbd6: HTTP Exception - [Errno 11001] getaddrinfo failed
2021-10-05 20:34:30.964 | INFO     | main:get_vessel_details:84 - f7f9344f-6f03-47bf-82a0-0532baedbbd6: Get vessel FILE
2021-10-05 20:34:31.090 | INFO     | main:task_handler:264 - f7f9344f-6f03-47bf-82a0-0532baedbbd6: Add new loadable
2021-10-05 20:35:42.677 | INFO     | main:start_cpu_bound_task:132 - f7f9344f-6f03-47bf-82a0-0532baedbbd6: Loadable study completed
2021-10-05 20:35:42.693 | INFO     | main:start_cpu_bound_task:135 - f7f9344f-6f03-47bf-82a0-0532baedbbd6: Update status
2021-10-05 20:35:47.709 | INFO     | main:post_response:100 - f7f9344f-6f03-47bf-82a0-0532baedbbd6: HTTP Exception - 
2021-10-05 20:35:47.709 | INFO     | main:start_cpu_bound_task:178 - f7f9344f-6f03-47bf-82a0-0532baedbbd6: Upload result
2021-10-05 20:35:52.709 | INFO     | main:post_response:100 - f7f9344f-6f03-47bf-82a0-0532baedbbd6: HTTP Exception - 
2021-10-05 20:36:01.021 | INFO     | main:task_handler:246 - 29edbaa6-a33c-41f5-a7ca-61c3d75c43d3: Get vessel API
2021-10-05 20:36:01.052 | INFO     | main:get_vessel_details:83 - 29edbaa6-a33c-41f5-a7ca-61c3d75c43d3: HTTP Exception - [Errno 11001] getaddrinfo failed
2021-10-05 20:36:01.052 | INFO     | main:get_vessel_details:84 - 29edbaa6-a33c-41f5-a7ca-61c3d75c43d3: Get vessel FILE
2021-10-05 20:36:01.177 | INFO     | main:task_handler:266 - 29edbaa6-a33c-41f5-a7ca-61c3d75c43d3: Add new loading
2021-10-05 20:36:11.255 | INFO     | main:start_cpu_bound_task:151 - 29edbaa6-a33c-41f5-a7ca-61c3d75c43d3: Loading sequence completed
2021-10-05 20:36:16.271 | INFO     | main:post_response:100 - 29edbaa6-a33c-41f5-a7ca-61c3d75c43d3: HTTP Exception - 
2021-10-05 20:36:16.271 | INFO     | main:start_cpu_bound_task:178 - 29edbaa6-a33c-41f5-a7ca-61c3d75c43d3: Upload result
2021-10-05 20:36:21.287 | INFO     | main:post_response:100 - 29edbaa6-a33c-41f5-a7ca-61c3d75c43d3: HTTP Exception - 
2021-10-05 21:52:45.146 | INFO     | main:task_handler:246 - ecd5b4c6-d453-4832-ab07-ff9f36959939: Get vessel API
2021-10-05 21:52:45.187 | INFO     | main:get_vessel_details:83 - ecd5b4c6-d453-4832-ab07-ff9f36959939: HTTP Exception - [Errno 11001] getaddrinfo failed
2021-10-05 21:52:45.188 | INFO     | main:get_vessel_details:84 - ecd5b4c6-d453-4832-ab07-ff9f36959939: Get vessel FILE
2021-10-05 21:52:45.322 | INFO     | main:task_handler:266 - ecd5b4c6-d453-4832-ab07-ff9f36959939: Add new loading
2021-10-05 21:53:00.101 | INFO     | main:start_cpu_bound_task:151 - ecd5b4c6-d453-4832-ab07-ff9f36959939: Loading sequence completed
2021-10-05 21:53:05.118 | INFO     | main:post_response:100 - ecd5b4c6-d453-4832-ab07-ff9f36959939: HTTP Exception - 
2021-10-05 21:53:05.118 | INFO     | main:start_cpu_bound_task:178 - ecd5b4c6-d453-4832-ab07-ff9f36959939: Upload result
2021-10-05 21:53:10.118 | INFO     | main:post_response:100 - ecd5b4c6-d453-4832-ab07-ff9f36959939: HTTP Exception - 
2021-10-08 17:21:56.612 | INFO     | main:task_handler:246 - 1a5268fe-64e4-4b80-b054-8c79a3f87452: Get vessel API
2021-10-08 17:21:56.651 | INFO     | main:get_vessel_details:83 - 1a5268fe-64e4-4b80-b054-8c79a3f87452: HTTP Exception - [Errno 11001] getaddrinfo failed
2021-10-08 17:21:56.652 | INFO     | main:get_vessel_details:84 - 1a5268fe-64e4-4b80-b054-8c79a3f87452: Get vessel FILE
2021-10-08 17:21:56.723 | INFO     | main:task_handler:266 - 1a5268fe-64e4-4b80-b054-8c79a3f87452: Add new loading
2021-10-08 17:21:59.262 | INFO     | main:start_cpu_bound_task:151 - 1a5268fe-64e4-4b80-b054-8c79a3f87452: Loading sequence completed
2021-10-08 17:22:04.285 | INFO     | main:post_response:100 - 1a5268fe-64e4-4b80-b054-8c79a3f87452: HTTP Exception - 
2021-10-08 17:22:04.288 | INFO     | main:start_cpu_bound_task:178 - 1a5268fe-64e4-4b80-b054-8c79a3f87452: Upload result
2021-10-08 17:22:09.304 | INFO     | main:post_response:100 - 1a5268fe-64e4-4b80-b054-8c79a3f87452: HTTP Exception - 
2021-10-08 22:19:51.924 | INFO     | main:task_handler:246 - 37b7e6da-eefd-4bf0-b96a-25302a1c110c: Get vessel API
2021-10-08 22:19:51.973 | INFO     | main:get_vessel_details:83 - 37b7e6da-eefd-4bf0-b96a-25302a1c110c: HTTP Exception - [Errno 11001] getaddrinfo failed
2021-10-08 22:19:51.975 | INFO     | main:get_vessel_details:84 - 37b7e6da-eefd-4bf0-b96a-25302a1c110c: Get vessel FILE
2021-10-08 22:19:52.045 | INFO     | main:task_handler:264 - 37b7e6da-eefd-4bf0-b96a-25302a1c110c: Add new loadable
2021-10-08 22:21:26.125 | INFO     | main:task_handler:246 - 3e0a6865-7379-489f-8cd7-53e7dd234ab6: Get vessel API
2021-10-08 22:21:26.149 | INFO     | main:get_vessel_details:83 - 3e0a6865-7379-489f-8cd7-53e7dd234ab6: HTTP Exception - [Errno 11001] getaddrinfo failed
2021-10-08 22:21:26.150 | INFO     | main:get_vessel_details:84 - 3e0a6865-7379-489f-8cd7-53e7dd234ab6: Get vessel FILE
2021-10-08 22:21:26.219 | INFO     | main:task_handler:264 - 3e0a6865-7379-489f-8cd7-53e7dd234ab6: Add new loadable
2021-10-08 22:21:28.690 | INFO     | main:start_cpu_bound_task:132 - 3e0a6865-7379-489f-8cd7-53e7dd234ab6: Loadable study completed
2021-10-08 22:21:28.692 | INFO     | main:start_cpu_bound_task:178 - 3e0a6865-7379-489f-8cd7-53e7dd234ab6: Upload result
2021-10-08 22:21:33.715 | INFO     | main:post_response:100 - 3e0a6865-7379-489f-8cd7-53e7dd234ab6: HTTP Exception - 
2021-10-08 22:48:38.264 | INFO     | main:task_handler:246 - bfd947ca-f8df-4676-a1fb-2ef0bb4214b9: Get vessel API
2021-10-08 22:48:38.300 | INFO     | main:get_vessel_details:83 - bfd947ca-f8df-4676-a1fb-2ef0bb4214b9: HTTP Exception - [Errno 11001] getaddrinfo failed
2021-10-08 22:48:38.302 | INFO     | main:get_vessel_details:84 - bfd947ca-f8df-4676-a1fb-2ef0bb4214b9: Get vessel FILE
2021-10-08 22:48:38.371 | INFO     | main:task_handler:264 - bfd947ca-f8df-4676-a1fb-2ef0bb4214b9: Add new loadable
2021-10-08 22:48:40.924 | INFO     | main:start_cpu_bound_task:132 - bfd947ca-f8df-4676-a1fb-2ef0bb4214b9: Loadable study completed
2021-10-08 22:48:40.925 | INFO     | main:start_cpu_bound_task:178 - bfd947ca-f8df-4676-a1fb-2ef0bb4214b9: Upload result
2021-10-08 22:48:45.952 | INFO     | main:post_response:100 - bfd947ca-f8df-4676-a1fb-2ef0bb4214b9: HTTP Exception - 
2021-10-08 22:48:54.581 | INFO     | main:task_handler:246 - 505b37ff-dfff-42d0-b0d6-d348946e6a19: Get vessel API
2021-10-08 22:48:54.594 | INFO     | main:get_vessel_details:83 - 505b37ff-dfff-42d0-b0d6-d348946e6a19: HTTP Exception - [Errno 11001] getaddrinfo failed
2021-10-08 22:48:54.596 | INFO     | main:get_vessel_details:84 - 505b37ff-dfff-42d0-b0d6-d348946e6a19: Get vessel FILE
2021-10-08 22:48:54.663 | INFO     | main:task_handler:264 - 505b37ff-dfff-42d0-b0d6-d348946e6a19: Add new loadable
2021-10-08 22:48:56.951 | INFO     | main:start_cpu_bound_task:132 - 505b37ff-dfff-42d0-b0d6-d348946e6a19: Loadable study completed
2021-10-08 22:48:56.953 | INFO     | main:start_cpu_bound_task:178 - 505b37ff-dfff-42d0-b0d6-d348946e6a19: Upload result
2021-10-08 22:49:01.961 | INFO     | main:post_response:100 - 505b37ff-dfff-42d0-b0d6-d348946e6a19: HTTP Exception - 
2021-10-08 22:49:09.819 | INFO     | main:task_handler:246 - ce8ab085-ac1a-4891-ab9c-76829c390c97: Get vessel API
2021-10-08 22:49:09.834 | INFO     | main:get_vessel_details:83 - ce8ab085-ac1a-4891-ab9c-76829c390c97: HTTP Exception - [Errno 11001] getaddrinfo failed
2021-10-08 22:49:09.836 | INFO     | main:get_vessel_details:84 - ce8ab085-ac1a-4891-ab9c-76829c390c97: Get vessel FILE
2021-10-08 22:49:09.904 | INFO     | main:task_handler:266 - ce8ab085-ac1a-4891-ab9c-76829c390c97: Add new loading
2021-10-08 22:49:12.082 | INFO     | main:start_cpu_bound_task:151 - ce8ab085-ac1a-4891-ab9c-76829c390c97: Loading sequence completed
2021-10-08 22:49:17.082 | INFO     | main:post_response:100 - ce8ab085-ac1a-4891-ab9c-76829c390c97: HTTP Exception - 
2021-10-08 22:49:17.084 | INFO     | main:start_cpu_bound_task:178 - ce8ab085-ac1a-4891-ab9c-76829c390c97: Upload result
2021-10-08 22:49:20.814 | INFO     | main:task_handler:246 - fe4463bd-2dae-4e74-adb1-5b3d0161a7ab: Get vessel API
2021-10-08 22:49:20.827 | INFO     | main:get_vessel_details:83 - fe4463bd-2dae-4e74-adb1-5b3d0161a7ab: HTTP Exception - [Errno 11001] getaddrinfo failed
2021-10-08 22:49:20.829 | INFO     | main:get_vessel_details:84 - fe4463bd-2dae-4e74-adb1-5b3d0161a7ab: Get vessel FILE
2021-10-08 22:49:20.898 | INFO     | main:task_handler:268 - fe4463bd-2dae-4e74-adb1-5b3d0161a7ab: Add new discharge
2021-10-08 22:49:22.094 | INFO     | main:post_response:100 - ce8ab085-ac1a-4891-ab9c-76829c390c97: HTTP Exception - 
2021-10-08 22:51:42.805 | INFO     | main:task_handler:246 - eaf7faaa-9506-47d2-9a34-7b61b9668de6: Get vessel API
2021-10-08 22:51:42.830 | INFO     | main:get_vessel_details:83 - eaf7faaa-9506-47d2-9a34-7b61b9668de6: HTTP Exception - [Errno 11001] getaddrinfo failed
2021-10-08 22:51:42.831 | INFO     | main:get_vessel_details:84 - eaf7faaa-9506-47d2-9a34-7b61b9668de6: Get vessel FILE
2021-10-08 22:51:42.900 | INFO     | main:task_handler:268 - eaf7faaa-9506-47d2-9a34-7b61b9668de6: Add new discharge
2021-10-08 22:51:45.180 | INFO     | main:start_cpu_bound_task:165 - eaf7faaa-9506-47d2-9a34-7b61b9668de6: Discharge study completed
2021-10-08 22:51:50.202 | INFO     | main:post_response:100 - eaf7faaa-9506-47d2-9a34-7b61b9668de6: HTTP Exception - 
2021-10-08 22:51:50.204 | INFO     | main:start_cpu_bound_task:178 - eaf7faaa-9506-47d2-9a34-7b61b9668de6: Upload result
2021-10-08 22:51:55.225 | INFO     | main:post_response:100 - eaf7faaa-9506-47d2-9a34-7b61b9668de6: HTTP Exception - 
2021-10-09 00:24:07.793 | INFO     | main:task_handler:246 - 37510243-2df0-4935-bdcf-0be0eba59c0b: Get vessel API
2021-10-09 00:24:07.822 | INFO     | main:get_vessel_details:83 - 37510243-2df0-4935-bdcf-0be0eba59c0b: HTTP Exception - [Errno 11001] getaddrinfo failed
2021-10-09 00:24:07.824 | INFO     | main:get_vessel_details:84 - 37510243-2df0-4935-bdcf-0be0eba59c0b: Get vessel FILE
2021-10-09 00:24:07.890 | INFO     | main:task_handler:264 - 37510243-2df0-4935-bdcf-0be0eba59c0b: Add new loadable
2021-10-09 00:24:10.376 | INFO     | main:start_cpu_bound_task:132 - 37510243-2df0-4935-bdcf-0be0eba59c0b: Loadable study completed
2021-10-09 00:24:10.378 | INFO     | main:start_cpu_bound_task:178 - 37510243-2df0-4935-bdcf-0be0eba59c0b: Upload result
2021-10-09 00:24:15.406 | INFO     | main:post_response:100 - 37510243-2df0-4935-bdcf-0be0eba59c0b: HTTP Exception - 
2021-10-09 00:25:39.275 | INFO     | main:task_handler:246 - f6d3838d-9d89-4a7d-9b49-98d03d11e469: Get vessel API
2021-10-09 00:25:39.289 | INFO     | main:get_vessel_details:83 - f6d3838d-9d89-4a7d-9b49-98d03d11e469: HTTP Exception - [Errno 11001] getaddrinfo failed
2021-10-09 00:25:39.290 | INFO     | main:get_vessel_details:84 - f6d3838d-9d89-4a7d-9b49-98d03d11e469: Get vessel FILE
2021-10-09 00:25:39.358 | INFO     | main:task_handler:264 - f6d3838d-9d89-4a7d-9b49-98d03d11e469: Add new loadable
2021-10-09 00:25:41.800 | INFO     | main:start_cpu_bound_task:132 - f6d3838d-9d89-4a7d-9b49-98d03d11e469: Loadable study completed
2021-10-09 00:25:41.802 | INFO     | main:start_cpu_bound_task:178 - f6d3838d-9d89-4a7d-9b49-98d03d11e469: Upload result
2021-10-09 00:25:46.835 | INFO     | main:post_response:100 - f6d3838d-9d89-4a7d-9b49-98d03d11e469: HTTP Exception - 
2021-10-09 00:51:27.753 | INFO     | main:task_handler:246 - aa83d62c-8525-4bc6-a1a3-caf39e43cc81: Get vessel API
2021-10-09 00:51:27.767 | INFO     | main:get_vessel_details:83 - aa83d62c-8525-4bc6-a1a3-caf39e43cc81: HTTP Exception - [Errno 11001] getaddrinfo failed
2021-10-09 00:51:27.768 | INFO     | main:get_vessel_details:84 - aa83d62c-8525-4bc6-a1a3-caf39e43cc81: Get vessel FILE
2021-10-09 00:51:27.839 | INFO     | main:task_handler:264 - aa83d62c-8525-4bc6-a1a3-caf39e43cc81: Add new loadable
2021-10-09 00:51:30.354 | INFO     | main:start_cpu_bound_task:132 - aa83d62c-8525-4bc6-a1a3-caf39e43cc81: Loadable study completed
2021-10-09 00:51:30.356 | INFO     | main:start_cpu_bound_task:178 - aa83d62c-8525-4bc6-a1a3-caf39e43cc81: Upload result
2021-10-09 00:51:35.382 | INFO     | main:post_response:100 - aa83d62c-8525-4bc6-a1a3-caf39e43cc81: HTTP Exception - 
2021-10-11 12:56:52.705 | INFO     | main:task_handler:246 - c0eb089d-e03b-411d-9865-826d9e143b46: Get vessel API
2021-10-11 12:56:52.779 | INFO     | main:get_vessel_details:83 - c0eb089d-e03b-411d-9865-826d9e143b46: HTTP Exception - [Errno 11001] getaddrinfo failed
2021-10-11 12:56:52.781 | INFO     | main:get_vessel_details:84 - c0eb089d-e03b-411d-9865-826d9e143b46: Get vessel FILE
2021-10-11 12:56:52.851 | INFO     | main:task_handler:264 - c0eb089d-e03b-411d-9865-826d9e143b46: Add new loadable
2021-10-11 13:04:16.130 | INFO     | main:start_cpu_bound_task:132 - c0eb089d-e03b-411d-9865-826d9e143b46: Loadable study completed
2021-10-11 13:04:16.132 | INFO     | main:start_cpu_bound_task:135 - c0eb089d-e03b-411d-9865-826d9e143b46: Update status
2021-10-11 13:04:21.149 | INFO     | main:post_response:100 - c0eb089d-e03b-411d-9865-826d9e143b46: HTTP Exception - 
2021-10-11 13:04:21.152 | INFO     | main:start_cpu_bound_task:178 - c0eb089d-e03b-411d-9865-826d9e143b46: Upload result
2021-10-11 13:04:26.159 | INFO     | main:post_response:100 - c0eb089d-e03b-411d-9865-826d9e143b46: HTTP Exception - 
2021-10-13 18:43:15.904 | INFO     | main:task_handler:246 - 370527d3-9f3c-446f-a5f0-1070f51ad342: Get vessel API
2021-10-13 18:43:17.045 | INFO     | main:get_vessel_details:83 - 370527d3-9f3c-446f-a5f0-1070f51ad342: HTTP Exception - [Errno 11001] getaddrinfo failed
2021-10-13 18:43:17.045 | INFO     | main:get_vessel_details:84 - 370527d3-9f3c-446f-a5f0-1070f51ad342: Get vessel FILE
2021-10-13 18:43:17.170 | INFO     | main:task_handler:264 - 370527d3-9f3c-446f-a5f0-1070f51ad342: Add new loadable
2021-10-13 18:44:52.304 | INFO     | main:start_cpu_bound_task:132 - 370527d3-9f3c-446f-a5f0-1070f51ad342: Loadable study completed
2021-10-13 18:44:52.319 | INFO     | main:start_cpu_bound_task:135 - 370527d3-9f3c-446f-a5f0-1070f51ad342: Update status
2021-10-13 18:44:57.336 | INFO     | main:post_response:100 - 370527d3-9f3c-446f-a5f0-1070f51ad342: HTTP Exception - 
2021-10-13 18:44:57.336 | INFO     | main:start_cpu_bound_task:178 - 370527d3-9f3c-446f-a5f0-1070f51ad342: Upload result
2021-10-13 18:45:02.373 | INFO     | main:post_response:100 - 370527d3-9f3c-446f-a5f0-1070f51ad342: HTTP Exception - 
2021-10-13 18:45:52.154 | INFO     | main:task_handler:246 - 294cd75d-974d-4392-b462-a24cbbb550ec: Get vessel API
2021-10-13 18:45:52.170 | INFO     | main:get_vessel_details:83 - 294cd75d-974d-4392-b462-a24cbbb550ec: HTTP Exception - [Errno 11001] getaddrinfo failed
2021-10-13 18:45:52.170 | INFO     | main:get_vessel_details:84 - 294cd75d-974d-4392-b462-a24cbbb550ec: Get vessel FILE
2021-10-13 18:45:52.326 | INFO     | main:task_handler:264 - 294cd75d-974d-4392-b462-a24cbbb550ec: Add new loadable
2021-10-13 18:46:42.195 | INFO     | main:start_cpu_bound_task:132 - 294cd75d-974d-4392-b462-a24cbbb550ec: Loadable study completed
2021-10-13 18:46:42.195 | INFO     | main:start_cpu_bound_task:178 - 294cd75d-974d-4392-b462-a24cbbb550ec: Upload result
2021-10-13 18:46:47.195 | INFO     | main:post_response:100 - 294cd75d-974d-4392-b462-a24cbbb550ec: HTTP Exception - 
2021-10-13 18:52:01.014 | INFO     | main:task_handler:246 - a6fd80c6-a7e1-4941-9fba-10e30c2fff50: Get vessel API
2021-10-13 18:52:01.045 | INFO     | main:get_vessel_details:83 - a6fd80c6-a7e1-4941-9fba-10e30c2fff50: HTTP Exception - [Errno 11001] getaddrinfo failed
2021-10-13 18:52:01.045 | INFO     | main:get_vessel_details:84 - a6fd80c6-a7e1-4941-9fba-10e30c2fff50: Get vessel FILE
2021-10-13 18:52:01.170 | INFO     | main:task_handler:266 - a6fd80c6-a7e1-4941-9fba-10e30c2fff50: Add new loading
2021-10-13 18:52:11.295 | INFO     | main:start_cpu_bound_task:151 - a6fd80c6-a7e1-4941-9fba-10e30c2fff50: Loading sequence completed
2021-10-13 18:52:16.323 | INFO     | main:post_response:100 - a6fd80c6-a7e1-4941-9fba-10e30c2fff50: HTTP Exception - 
2021-10-13 18:52:16.326 | INFO     | main:start_cpu_bound_task:178 - a6fd80c6-a7e1-4941-9fba-10e30c2fff50: Upload result
2021-10-13 18:52:21.342 | INFO     | main:post_response:100 - a6fd80c6-a7e1-4941-9fba-10e30c2fff50: HTTP Exception - 
2021-10-14 10:50:33.826 | INFO     | main:task_handler:246 - 9bee8715-2087-4fd5-8cad-b1abb2d9464d: Get vessel API
2021-10-14 10:50:34.935 | INFO     | main:get_vessel_details:83 - 9bee8715-2087-4fd5-8cad-b1abb2d9464d: HTTP Exception - [Errno 11001] getaddrinfo failed
2021-10-14 10:50:34.935 | INFO     | main:get_vessel_details:84 - 9bee8715-2087-4fd5-8cad-b1abb2d9464d: Get vessel FILE
2021-10-14 10:50:35.092 | INFO     | main:task_handler:264 - 9bee8715-2087-4fd5-8cad-b1abb2d9464d: Add new loadable
2021-10-14 10:54:50.867 | INFO     | main:start_cpu_bound_task:132 - 9bee8715-2087-4fd5-8cad-b1abb2d9464d: Loadable study completed
2021-10-14 10:54:50.867 | INFO     | main:start_cpu_bound_task:135 - 9bee8715-2087-4fd5-8cad-b1abb2d9464d: Update status
2021-10-14 10:54:55.897 | INFO     | main:post_response:100 - 9bee8715-2087-4fd5-8cad-b1abb2d9464d: HTTP Exception - 
2021-10-14 10:54:55.897 | INFO     | main:start_cpu_bound_task:178 - 9bee8715-2087-4fd5-8cad-b1abb2d9464d: Upload result
2021-10-14 10:55:00.900 | INFO     | main:post_response:100 - 9bee8715-2087-4fd5-8cad-b1abb2d9464d: HTTP Exception - 
2021-10-14 13:19:46.045 | INFO     | main:task_handler:246 - 4c249996-b88e-49e1-b42e-49dbc7438712: Get vessel API
2021-10-14 13:19:47.170 | INFO     | main:get_vessel_details:83 - 4c249996-b88e-49e1-b42e-49dbc7438712: HTTP Exception - [Errno 11001] getaddrinfo failed
2021-10-14 13:19:47.170 | INFO     | main:get_vessel_details:84 - 4c249996-b88e-49e1-b42e-49dbc7438712: Get vessel FILE
2021-10-14 13:19:47.311 | INFO     | main:task_handler:266 - 4c249996-b88e-49e1-b42e-49dbc7438712: Add new loading
2021-10-14 13:19:58.420 | INFO     | main:start_cpu_bound_task:151 - 4c249996-b88e-49e1-b42e-49dbc7438712: Loading sequence completed
2021-10-14 13:20:03.435 | INFO     | main:post_response:100 - 4c249996-b88e-49e1-b42e-49dbc7438712: HTTP Exception - 
2021-10-14 13:20:03.436 | INFO     | main:start_cpu_bound_task:178 - 4c249996-b88e-49e1-b42e-49dbc7438712: Upload result
2021-10-14 13:20:08.467 | INFO     | main:post_response:100 - 4c249996-b88e-49e1-b42e-49dbc7438712: HTTP Exception - 
2021-10-14 13:32:26.873 | INFO     | main:task_handler:246 - 880c4332-099d-413a-95cd-561bb7988f25: Get vessel API
2021-10-14 13:32:27.967 | INFO     | main:get_vessel_details:83 - 880c4332-099d-413a-95cd-561bb7988f25: HTTP Exception - [Errno 11001] getaddrinfo failed
2021-10-14 13:32:27.967 | INFO     | main:get_vessel_details:84 - 880c4332-099d-413a-95cd-561bb7988f25: Get vessel FILE
2021-10-14 13:32:28.107 | INFO     | main:task_handler:266 - 880c4332-099d-413a-95cd-561bb7988f25: Add new loading
2021-10-14 13:33:54.186 | INFO     | main:task_handler:246 - 9bc28a4b-e6ac-44aa-a046-87a1ee844668: Get vessel API
2021-10-14 13:33:55.248 | INFO     | main:get_vessel_details:83 - 9bc28a4b-e6ac-44aa-a046-87a1ee844668: HTTP Exception - [Errno 11001] getaddrinfo failed
2021-10-14 13:33:55.264 | INFO     | main:get_vessel_details:84 - 9bc28a4b-e6ac-44aa-a046-87a1ee844668: Get vessel FILE
2021-10-14 13:33:55.388 | INFO     | main:task_handler:266 - 9bc28a4b-e6ac-44aa-a046-87a1ee844668: Add new loading
2021-10-14 13:34:06.310 | INFO     | main:start_cpu_bound_task:151 - 9bc28a4b-e6ac-44aa-a046-87a1ee844668: Loading sequence completed
2021-10-14 13:34:11.333 | INFO     | main:post_response:100 - 9bc28a4b-e6ac-44aa-a046-87a1ee844668: HTTP Exception - 
2021-10-14 13:34:11.333 | INFO     | main:start_cpu_bound_task:178 - 9bc28a4b-e6ac-44aa-a046-87a1ee844668: Upload result
2021-10-14 13:34:16.350 | INFO     | main:post_response:100 - 9bc28a4b-e6ac-44aa-a046-87a1ee844668: HTTP Exception - 
2021-10-14 13:34:34.717 | INFO     | main:task_handler:246 - 55fc7b4d-23bf-4205-bcec-2123ed574aa8: Get vessel API
2021-10-14 13:34:34.732 | INFO     | main:get_vessel_details:83 - 55fc7b4d-23bf-4205-bcec-2123ed574aa8: HTTP Exception - [Errno 11001] getaddrinfo failed
2021-10-14 13:34:34.732 | INFO     | main:get_vessel_details:84 - 55fc7b4d-23bf-4205-bcec-2123ed574aa8: Get vessel FILE
2021-10-14 13:34:34.873 | INFO     | main:task_handler:264 - 55fc7b4d-23bf-4205-bcec-2123ed574aa8: Add new loadable
2021-10-14 13:34:43.888 | INFO     | main:start_cpu_bound_task:132 - 55fc7b4d-23bf-4205-bcec-2123ed574aa8: Loadable study completed
2021-10-14 13:34:43.888 | INFO     | main:start_cpu_bound_task:178 - 55fc7b4d-23bf-4205-bcec-2123ed574aa8: Upload result
2021-10-14 13:34:48.920 | INFO     | main:post_response:100 - 55fc7b4d-23bf-4205-bcec-2123ed574aa8: HTTP Exception - 
